<?xml version="1.0" encoding="UTF-8"?>
<robot generator="Robot 5.0.1 (Python 3.8.9 on darwin)" generated="20220819 14:51:39.733" rpa="false" schemaversion="3">
<suite id="s1" name="Tests" source="/Users/irina/PycharmProjects/robot_framework_test_automation/tests">
<suite id="s1-s1" name="FrontOffice" source="/Users/irina/PycharmProjects/robot_framework_test_automation/tests/FrontOffice.robot">
<test id="s1-s1-t1" name="Should be able to access &quot;Team&quot; page" line="14">
<kw name="Begin Web Tests" library="CommonWeb" type="SETUP">
<kw name="Open Browser" library="SeleniumLibrary">
<arg>file:///Users/irina/Downloads/front-office/index.html</arg>
<arg>${BROWSER}</arg>
<doc>Opens a new browser instance to the optional ``url``.</doc>
<msg timestamp="20220819 14:51:39.832" level="INFO">Opening browser 'safari' to base url 'file:///Users/irina/Downloads/front-office/index.html'.</msg>
<status status="PASS" starttime="20220819 14:51:39.831" endtime="20220819 14:51:41.403"/>
</kw>
<kw name="Maximize Browser Window" library="SeleniumLibrary">
<doc>Maximizes current browser window.</doc>
<status status="PASS" starttime="20220819 14:51:41.404" endtime="20220819 14:51:41.419"/>
</kw>
<status status="PASS" starttime="20220819 14:51:39.831" endtime="20220819 14:51:41.419"/>
</kw>
<kw name="Log" library="BuiltIn">
<arg>Executins test 1</arg>
<doc>Logs the given message with the given level.</doc>
<msg timestamp="20220819 14:51:41.420" level="INFO">Executins test 1</msg>
<status status="PASS" starttime="20220819 14:51:41.420" endtime="20220819 14:51:41.420"/>
</kw>
<kw name="Go to Landing Page" library="FrontOfficeKeywords">
<kw name="Navigate to" library="Landing">
<kw name="Go To" library="SeleniumLibrary">
<arg>${URL}</arg>
<doc>Navigates the current browser window to the provided ``url``.</doc>
<msg timestamp="20220819 14:51:41.421" level="INFO">Opening url 'file:///Users/irina/Downloads/front-office/index.html'</msg>
<status status="PASS" starttime="20220819 14:51:41.421" endtime="20220819 14:51:41.457"/>
</kw>
<status status="PASS" starttime="20220819 14:51:41.421" endtime="20220819 14:51:41.457"/>
</kw>
<kw name="Verify Page Loaded" library="Landing">
<kw name="Wait Until Page Contains Element" library="SeleniumLibrary">
<arg>${LANDING_MAVIGATION_ELEMENT}</arg>
<doc>Waits until the element ``locator`` appears on the current page.</doc>
<status status="PASS" starttime="20220819 14:51:41.458" endtime="20220819 14:51:41.465"/>
</kw>
<status status="PASS" starttime="20220819 14:51:41.457" endtime="20220819 14:51:41.465"/>
</kw>
<status status="PASS" starttime="20220819 14:51:41.420" endtime="20220819 14:51:41.465"/>
</kw>
<kw name="Go to &quot;Team&quot; Page" library="FrontOfficeKeywords">
<kw name="Click &quot;Team&quot; button" library="TopNav">
<kw name="Click Link" library="SeleniumLibrary">
<arg>Team</arg>
<doc>Clicks a link identified by ``locator``.</doc>
<msg timestamp="20220819 14:51:41.466" level="INFO">Clicking link 'Team'.</msg>
<status status="PASS" starttime="20220819 14:51:41.466" endtime="20220819 14:51:41.485"/>
</kw>
<status status="PASS" starttime="20220819 14:51:41.466" endtime="20220819 14:51:41.485"/>
</kw>
<kw name="Verify Page Loaded" library="Team">
<kw name="Wait Until Page Contains Element" library="SeleniumLibrary">
<arg>${TEAM_HEADER_LABEL}</arg>
<doc>Waits until the element ``locator`` appears on the current page.</doc>
<status status="PASS" starttime="20220819 14:51:41.486" endtime="20220819 14:51:41.491"/>
</kw>
<status status="PASS" starttime="20220819 14:51:41.485" endtime="20220819 14:51:41.491"/>
</kw>
<status status="PASS" starttime="20220819 14:51:41.465" endtime="20220819 14:51:41.491"/>
</kw>
<kw name="Finish Web Tests" library="CommonWeb" type="TEARDOWN">
<kw name="Close Browser" library="SeleniumLibrary">
<doc>Closes the current browser.</doc>
<status status="PASS" starttime="20220819 14:51:41.492" endtime="20220819 14:51:41.638"/>
</kw>
<status status="PASS" starttime="20220819 14:51:41.492" endtime="20220819 14:51:41.639"/>
</kw>
<doc>This is test 1</doc>
<tag>Smoke</tag>
<status status="PASS" starttime="20220819 14:51:39.831" endtime="20220819 14:51:41.639"/>
</test>
<test id="s1-s1-t2" name="&quot;Team&quot; page should matches requirements" line="21">
<kw name="Begin Web Tests" library="CommonWeb" type="SETUP">
<kw name="Open Browser" library="SeleniumLibrary">
<arg>file:///Users/irina/Downloads/front-office/index.html</arg>
<arg>${BROWSER}</arg>
<doc>Opens a new browser instance to the optional ``url``.</doc>
<msg timestamp="20220819 14:51:41.640" level="INFO">Opening browser 'safari' to base url 'file:///Users/irina/Downloads/front-office/index.html'.</msg>
<status status="PASS" starttime="20220819 14:51:41.640" endtime="20220819 14:51:43.079"/>
</kw>
<kw name="Maximize Browser Window" library="SeleniumLibrary">
<doc>Maximizes current browser window.</doc>
<status status="PASS" starttime="20220819 14:51:43.080" endtime="20220819 14:51:43.094"/>
</kw>
<status status="PASS" starttime="20220819 14:51:41.640" endtime="20220819 14:51:43.094"/>
</kw>
<kw name="Log" library="BuiltIn">
<arg>Executins test 2</arg>
<doc>Logs the given message with the given level.</doc>
<msg timestamp="20220819 14:51:43.096" level="INFO">Executins test 2</msg>
<status status="PASS" starttime="20220819 14:51:43.095" endtime="20220819 14:51:43.096"/>
</kw>
<kw name="Go to Landing Page" library="FrontOfficeKeywords">
<kw name="Navigate to" library="Landing">
<kw name="Go To" library="SeleniumLibrary">
<arg>${URL}</arg>
<doc>Navigates the current browser window to the provided ``url``.</doc>
<msg timestamp="20220819 14:51:43.098" level="INFO">Opening url 'file:///Users/irina/Downloads/front-office/index.html'</msg>
<status status="PASS" starttime="20220819 14:51:43.097" endtime="20220819 14:51:43.135"/>
</kw>
<status status="PASS" starttime="20220819 14:51:43.097" endtime="20220819 14:51:43.135"/>
</kw>
<kw name="Verify Page Loaded" library="Landing">
<kw name="Wait Until Page Contains Element" library="SeleniumLibrary">
<arg>${LANDING_MAVIGATION_ELEMENT}</arg>
<doc>Waits until the element ``locator`` appears on the current page.</doc>
<status status="PASS" starttime="20220819 14:51:43.136" endtime="20220819 14:51:43.142"/>
</kw>
<status status="PASS" starttime="20220819 14:51:43.135" endtime="20220819 14:51:43.143"/>
</kw>
<status status="PASS" starttime="20220819 14:51:43.096" endtime="20220819 14:51:43.143"/>
</kw>
<kw name="Go to &quot;Team&quot; Page" library="FrontOfficeKeywords">
<kw name="Click &quot;Team&quot; button" library="TopNav">
<kw name="Click Link" library="SeleniumLibrary">
<arg>Team</arg>
<doc>Clicks a link identified by ``locator``.</doc>
<msg timestamp="20220819 14:51:43.145" level="INFO">Clicking link 'Team'.</msg>
<status status="PASS" starttime="20220819 14:51:43.144" endtime="20220819 14:51:43.164"/>
</kw>
<status status="PASS" starttime="20220819 14:51:43.144" endtime="20220819 14:51:43.165"/>
</kw>
<kw name="Verify Page Loaded" library="Team">
<kw name="Wait Until Page Contains Element" library="SeleniumLibrary">
<arg>${TEAM_HEADER_LABEL}</arg>
<doc>Waits until the element ``locator`` appears on the current page.</doc>
<status status="PASS" starttime="20220819 14:51:43.166" endtime="20220819 14:51:43.172"/>
</kw>
<status status="PASS" starttime="20220819 14:51:43.165" endtime="20220819 14:51:43.172"/>
</kw>
<status status="PASS" starttime="20220819 14:51:43.143" endtime="20220819 14:51:43.172"/>
</kw>
<kw name="Validate &quot;Team&quot; Page" library="FrontOfficeKeywords">
<kw name="Validate Page Contains" library="Team">
<kw name="Element Text Should Be" library="SeleniumLibrary">
<arg>${TEAM_HEADER_LABEL}</arg>
<arg>Our Amazing Team</arg>
<doc>Verifies that element ``locator`` contains exact the text ``expected``.</doc>
<msg timestamp="20220819 14:51:43.175" level="INFO">Verifying element '//*[@id="team"]/div/div[1]/div/h2' contains exact text 'Our Amazing Team'.</msg>
<status status="PASS" starttime="20220819 14:51:43.174" endtime="20220819 14:51:43.183"/>
</kw>
<status status="PASS" starttime="20220819 14:51:43.173" endtime="20220819 14:51:43.184"/>
</kw>
<status status="PASS" starttime="20220819 14:51:43.173" endtime="20220819 14:51:43.184"/>
</kw>
<kw name="Finish Web Tests" library="CommonWeb" type="TEARDOWN">
<kw name="Close Browser" library="SeleniumLibrary">
<doc>Closes the current browser.</doc>
<status status="PASS" starttime="20220819 14:51:43.184" endtime="20220819 14:51:43.320"/>
</kw>
<status status="PASS" starttime="20220819 14:51:43.184" endtime="20220819 14:51:43.321"/>
</kw>
<doc>This is test 2</doc>
<tag>Smoke</tag>
<status status="PASS" starttime="20220819 14:51:41.639" endtime="20220819 14:51:43.322"/>
</test>
<doc>Talk about what this suit of tests does</doc>
<status status="PASS" starttime="20220819 14:51:39.745" endtime="20220819 14:51:43.324"/>
</suite>
<status status="PASS" starttime="20220819 14:51:39.734" endtime="20220819 14:51:43.329"/>
</suite>
<statistics>
<total>
<stat pass="2" fail="0" skip="0">All Tests</stat>
</total>
<tag>
<stat pass="2" fail="0" skip="0">Smoke</stat>
</tag>
<suite>
<stat pass="2" fail="0" skip="0" id="s1" name="Tests">Tests</stat>
<stat pass="2" fail="0" skip="0" id="s1-s1" name="FrontOffice">Tests.FrontOffice</stat>
</suite>
</statistics>
<errors>
</errors>
</robot>
